Started GET "/recipes" for 127.0.0.1 at 2018-02-17 15:34:32 -0300
Processing by RecipesController#index as HTML
  Rendering recipes/index.html.erb within layouts/application
  Rendered recipes/index.html.erb within layouts/application (21.5ms)
Completed 200 OK in 113008ms (Views: 111186.7ms)


Started GET "/" for 127.0.0.1 at 2018-02-17 15:37:10 -0300
Processing by Rails::WelcomeController#index as HTML
  Rendering C:/RailsInstaller/Ruby2.3.3/lib/ruby/gems/2.3.0/gems/railties-5.1.4/lib/rails/templates/rails/welcome/index.html.erb
  Rendered C:/RailsInstaller/Ruby2.3.3/lib/ruby/gems/2.3.0/gems/railties-5.1.4/lib/rails/templates/rails/welcome/index.html.erb (7.0ms)
Completed 200 OK in 941ms (Views: 589.2ms)


Started GET "/" for 127.0.0.1 at 2018-02-17 15:37:19 -0300
Processing by Rails::WelcomeController#index as HTML
  Rendering C:/RailsInstaller/Ruby2.3.3/lib/ruby/gems/2.3.0/gems/railties-5.1.4/lib/rails/templates/rails/welcome/index.html.erb
  Rendered C:/RailsInstaller/Ruby2.3.3/lib/ruby/gems/2.3.0/gems/railties-5.1.4/lib/rails/templates/rails/welcome/index.html.erb (116.0ms)
Completed 200 OK in 283ms (Views: 187.7ms)


Started GET "/" for 127.0.0.1 at 2018-02-17 15:45:30 -0300
Processing by Rails::WelcomeController#index as HTML
  Rendering C:/RailsInstaller/Ruby2.3.3/lib/ruby/gems/2.3.0/gems/railties-5.1.4/lib/rails/templates/rails/welcome/index.html.erb
  Rendered C:/RailsInstaller/Ruby2.3.3/lib/ruby/gems/2.3.0/gems/railties-5.1.4/lib/rails/templates/rails/welcome/index.html.erb (7.0ms)
Completed 200 OK in 219ms (Views: 117.1ms)


Started GET "/recipes" for 127.0.0.1 at 2018-02-17 15:45:36 -0300
Processing by RecipesController#index as HTML
  Rendering recipes/index.html.erb within layouts/application
  Rendered recipes/index.html.erb within layouts/application (1.0ms)
Completed 200 OK in 1089ms (Views: 1037.3ms)


Started GET "/recipes" for 127.0.0.1 at 2018-02-17 15:49:03 -0300
Processing by RecipesController#index as HTML
  Rendering recipes/index.html.erb within layouts/application
  Rendered recipes/index.html.erb within layouts/application (0.0ms)
Completed 200 OK in 783ms (Views: 718.7ms)


Started GET "/recipes" for 127.0.0.1 at 2018-02-17 15:49:31 -0300
Processing by RecipesController#index as HTML
  Rendering recipes/index.html.erb within layouts/application
  Rendered recipes/index.html.erb within layouts/application (0.0ms)
Completed 200 OK in 940ms (Views: 824.5ms)


Started GET "/recipes" for 127.0.0.1 at 2018-02-17 15:49:47 -0300
Processing by RecipesController#index as HTML
  Rendering recipes/index.html.erb within layouts/application
  Rendered recipes/index.html.erb within layouts/application (1.0ms)
Completed 200 OK in 1297ms (Views: 1231.6ms)


Started GET "/recipes" for 127.0.0.1 at 2018-02-17 15:50:30 -0300
Processing by RecipesController#index as HTML
  Rendering recipes/index.html.erb within layouts/application
  Rendered recipes/index.html.erb within layouts/application (1.0ms)
Completed 200 OK in 575ms (Views: 533.1ms)


Started GET "/recipes" for 127.0.0.1 at 2018-02-17 15:58:57 -0300
Started GET "/recipes" for 127.0.0.1 at 2018-02-17 15:59:21 -0300
Processing by RecipesController#index as HTML
  Rendering recipes/index.html.erb within layouts/application
  Rendered recipes/index.html.erb within layouts/application (0.0ms)
Completed 200 OK in 611ms (Views: 566.2ms)


Started GET "/recipes" for 127.0.0.1 at 2018-02-17 15:59:47 -0300
Processing by RecipesController#index as HTML
  Rendering recipes/index.html.erb within layouts/application
  Rendered recipes/index.html.erb within layouts/application (0.0ms)
Completed 200 OK in 713ms (Views: 662.1ms)


Started GET "/recipes" for 127.0.0.1 at 2018-02-17 16:07:16 -0300
Processing by RecipesController#index as HTML
  Rendering recipes/index.html.erb within layouts/application
  Rendered recipes/index.html.erb within layouts/application (0.5ms)
Completed 200 OK in 893ms (Views: 829.5ms)


Started GET "/recipes" for 127.0.0.1 at 2018-02-17 16:07:20 -0300
Processing by RecipesController#index as HTML
  Rendering recipes/index.html.erb within layouts/application
  Rendered recipes/index.html.erb within layouts/application (1.0ms)
Completed 200 OK in 725ms (Views: 657.5ms)


